<?xml version="1.0"?>
<testsuite name="HeadlessChrome 77.0.3844 (Windows 10.0.0)" package="" timestamp="2019-08-09T16:26:27" id="0" hostname="BCPRDBTXTD6B-L" tests="7" errors="0" failures="0" time="0.228">
  <properties>
    <property name="browser.fullName" value="Mozilla/5.0 (Windows NT 10.0; Win64; x64) AppleWebKit/537.36 (KHTML, like Gecko) HeadlessChrome/77.0.3844.0 Safari/537.36"/>
  </properties>
  <testcase name="AuthCommunicatorService should be created" time="0.045" classname="HeadlessChrome_77_0_3844_(Windows_10_0_0).AuthCommunicatorService"/>
  <testcase name="AppComponent should have as title 'sideproj'" time="0.07" classname="HeadlessChrome_77_0_3844_(Windows_10_0_0).AppComponent"/>
  <testcase name="AppComponent should create the app" time="0.044" classname="HeadlessChrome_77_0_3844_(Windows_10_0_0).AppComponent"/>
  <testcase name="AppComponent should render title in a h1 tag" time="0.039" classname="HeadlessChrome_77_0_3844_(Windows_10_0_0).AppComponent"/>
  <testcase name="ArtistCommunicatorService should be created" time="0.01" classname="HeadlessChrome_77_0_3844_(Windows_10_0_0).ArtistCommunicatorService"/>
  <testcase name="ApiAuthInitService should be created" time="0.012" classname="HeadlessChrome_77_0_3844_(Windows_10_0_0).ApiAuthInitService"/>
  <testcase name="ArtistStateService should be created" time="0.008" classname="HeadlessChrome_77_0_3844_(Windows_10_0_0).ArtistStateService"/>
  <system-out>
    <![CDATA[
]]>
  </system-out>
  <system-err/>
</testsuite>